2021-03-24 14:09:32 INFO  App:34 - Performing MENU_INIT_APP - Criando pastas da aplicacao
2021-03-24 14:09:32 DEBUG Util:207 - getFileSeparator() -> [/]
2021-03-24 14:09:32 INFO  Util:280 - Pasta criada [/home/mario/Downloads/tableau/arquivos//csv/carga/full]
2021-03-24 14:09:32 INFO  Util:280 - Pasta criada [/home/mario/Downloads/tableau/arquivos//csv/processados/full]
2021-03-24 14:09:32 INFO  Util:280 - Pasta criada [/home/mario/Downloads/tableau/arquivos//csv/carga/incremental]
2021-03-24 14:09:32 INFO  Util:280 - Pasta criada [/home/mario/Downloads/tableau/arquivos//csv/processados/incremental]
2021-03-24 14:09:32 DEBUG Util:207 - getFileSeparator() -> [/]
2021-03-24 14:09:32 INFO  Util:272 - Pasta criada [/home/mario/Downloads/tableau/arquivos/csv/carga/full/shinobi/atendimento]
2021-03-24 14:09:32 DEBUG Util:207 - getFileSeparator() -> [/]
2021-03-24 14:09:32 INFO  Util:272 - Pasta criada [/home/mario/Downloads/tableau/arquivos/csv/carga/full/shinobi/ligacao]
2021-03-24 14:09:32 DEBUG Util:207 - getFileSeparator() -> [/]
2021-03-24 14:09:32 INFO  Util:272 - Pasta criada [/home/mario/Downloads/tableau/arquivos/csv/carga/full/shinobi/venda]
2021-03-24 14:09:32 DEBUG Util:207 - getFileSeparator() -> [/]
2021-03-24 14:09:32 INFO  Util:272 - Pasta criada [/home/mario/Downloads/tableau/arquivos/csv/carga/full/shinobi/pedido]
2021-03-24 14:09:32 DEBUG Util:207 - getFileSeparator() -> [/]
2021-03-24 14:09:32 INFO  Util:272 - Pasta criada [/home/mario/Downloads/tableau/arquivos/csv/carga/full/shinobi/campanha]
2021-03-24 14:09:32 DEBUG Util:207 - getFileSeparator() -> [/]
2021-03-24 14:09:32 INFO  Util:272 - Pasta criada [/home/mario/Downloads/tableau/arquivos/csv/carga/full/shinobi/localidade]
2021-03-24 14:09:32 DEBUG Util:207 - getFileSeparator() -> [/]
2021-03-24 14:09:32 INFO  Util:272 - Pasta criada [/home/mario/Downloads/tableau/arquivos/csv/carga/full/facebook/atendimento]
2021-03-24 14:09:32 DEBUG Util:207 - getFileSeparator() -> [/]
2021-03-24 14:09:32 INFO  Util:272 - Pasta criada [/home/mario/Downloads/tableau/arquivos/csv/carga/full/facebook/ligacao]
2021-03-24 14:09:32 DEBUG Util:207 - getFileSeparator() -> [/]
2021-03-24 14:09:32 INFO  Util:272 - Pasta criada [/home/mario/Downloads/tableau/arquivos/csv/carga/full/facebook/venda]
2021-03-24 14:09:32 DEBUG Util:207 - getFileSeparator() -> [/]
2021-03-24 14:09:32 INFO  Util:272 - Pasta criada [/home/mario/Downloads/tableau/arquivos/csv/carga/full/facebook/pedido]
2021-03-24 14:09:32 DEBUG Util:207 - getFileSeparator() -> [/]
2021-03-24 14:09:32 INFO  Util:272 - Pasta criada [/home/mario/Downloads/tableau/arquivos/csv/carga/full/facebook/campanha]
2021-03-24 14:09:32 DEBUG Util:207 - getFileSeparator() -> [/]
2021-03-24 14:09:32 INFO  Util:272 - Pasta criada [/home/mario/Downloads/tableau/arquivos/csv/carga/full/facebook/localidade]
2021-03-24 14:09:32 DEBUG Util:207 - getFileSeparator() -> [/]
2021-03-24 14:09:32 INFO  Util:272 - Pasta criada [/home/mario/Downloads/tableau/arquivos/csv/carga/full/macro/atendimento]
2021-03-24 14:09:32 DEBUG Util:207 - getFileSeparator() -> [/]
2021-03-24 14:09:32 INFO  Util:272 - Pasta criada [/home/mario/Downloads/tableau/arquivos/csv/carga/full/macro/ligacao]
2021-03-24 14:09:32 DEBUG Util:207 - getFileSeparator() -> [/]
2021-03-24 14:09:32 INFO  Util:272 - Pasta criada [/home/mario/Downloads/tableau/arquivos/csv/carga/full/macro/venda]
2021-03-24 14:09:32 DEBUG Util:207 - getFileSeparator() -> [/]
2021-03-24 14:09:32 INFO  Util:272 - Pasta criada [/home/mario/Downloads/tableau/arquivos/csv/carga/full/macro/pedido]
2021-03-24 14:09:32 DEBUG Util:207 - getFileSeparator() -> [/]
2021-03-24 14:09:32 INFO  Util:272 - Pasta criada [/home/mario/Downloads/tableau/arquivos/csv/carga/full/macro/campanha]
2021-03-24 14:09:32 DEBUG Util:207 - getFileSeparator() -> [/]
2021-03-24 14:09:32 INFO  Util:272 - Pasta criada [/home/mario/Downloads/tableau/arquivos/csv/carga/full/macro/localidade]
2021-03-24 14:09:32 DEBUG Util:207 - getFileSeparator() -> [/]
2021-03-24 14:09:32 INFO  Util:272 - Pasta criada [/home/mario/Downloads/tableau/arquivos/csv/carga/full/googleads/atendimento]
2021-03-24 14:09:32 DEBUG Util:207 - getFileSeparator() -> [/]
2021-03-24 14:09:32 INFO  Util:272 - Pasta criada [/home/mario/Downloads/tableau/arquivos/csv/carga/full/googleads/ligacao]
2021-03-24 14:09:32 DEBUG Util:207 - getFileSeparator() -> [/]
2021-03-24 14:09:32 INFO  Util:272 - Pasta criada [/home/mario/Downloads/tableau/arquivos/csv/carga/full/googleads/venda]
2021-03-24 14:09:32 DEBUG Util:207 - getFileSeparator() -> [/]
2021-03-24 14:09:32 INFO  Util:272 - Pasta criada [/home/mario/Downloads/tableau/arquivos/csv/carga/full/googleads/pedido]
2021-03-24 14:09:32 DEBUG Util:207 - getFileSeparator() -> [/]
2021-03-24 14:09:32 INFO  Util:272 - Pasta criada [/home/mario/Downloads/tableau/arquivos/csv/carga/full/googleads/campanha]
2021-03-24 14:09:32 DEBUG Util:207 - getFileSeparator() -> [/]
2021-03-24 14:09:32 INFO  Util:272 - Pasta criada [/home/mario/Downloads/tableau/arquivos/csv/carga/full/googleads/localidade]
2021-03-24 14:09:32 DEBUG Util:207 - getFileSeparator() -> [/]
2021-03-24 14:09:32 INFO  Util:272 - Pasta criada [/home/mario/Downloads/tableau/arquivos/csv/carga/full/algar/atendimento]
2021-03-24 14:09:32 DEBUG Util:207 - getFileSeparator() -> [/]
2021-03-24 14:09:32 INFO  Util:272 - Pasta criada [/home/mario/Downloads/tableau/arquivos/csv/carga/full/algar/ligacao]
2021-03-24 14:09:32 DEBUG Util:207 - getFileSeparator() -> [/]
2021-03-24 14:09:32 INFO  Util:272 - Pasta criada [/home/mario/Downloads/tableau/arquivos/csv/carga/full/algar/venda]
2021-03-24 14:09:32 DEBUG Util:207 - getFileSeparator() -> [/]
2021-03-24 14:09:32 INFO  Util:272 - Pasta criada [/home/mario/Downloads/tableau/arquivos/csv/carga/full/algar/pedido]
2021-03-24 14:09:32 DEBUG Util:207 - getFileSeparator() -> [/]
2021-03-24 14:09:32 INFO  Util:272 - Pasta criada [/home/mario/Downloads/tableau/arquivos/csv/carga/full/algar/campanha]
2021-03-24 14:09:32 DEBUG Util:207 - getFileSeparator() -> [/]
2021-03-24 14:09:32 INFO  Util:272 - Pasta criada [/home/mario/Downloads/tableau/arquivos/csv/carga/full/algar/localidade]
2021-03-24 14:09:32 DEBUG Util:207 - getFileSeparator() -> [/]
2021-03-24 14:09:32 INFO  Util:272 - Pasta criada [/home/mario/Downloads/tableau/arquivos/csv/carga/full/americanet/atendimento]
2021-03-24 14:09:32 DEBUG Util:207 - getFileSeparator() -> [/]
2021-03-24 14:09:32 INFO  Util:272 - Pasta criada [/home/mario/Downloads/tableau/arquivos/csv/carga/full/americanet/ligacao]
2021-03-24 14:09:32 DEBUG Util:207 - getFileSeparator() -> [/]
2021-03-24 14:09:32 INFO  Util:272 - Pasta criada [/home/mario/Downloads/tableau/arquivos/csv/carga/full/americanet/venda]
2021-03-24 14:09:32 DEBUG Util:207 - getFileSeparator() -> [/]
2021-03-24 14:09:32 INFO  Util:272 - Pasta criada [/home/mario/Downloads/tableau/arquivos/csv/carga/full/americanet/pedido]
2021-03-24 14:09:32 DEBUG Util:207 - getFileSeparator() -> [/]
2021-03-24 14:09:32 INFO  Util:272 - Pasta criada [/home/mario/Downloads/tableau/arquivos/csv/carga/full/americanet/campanha]
2021-03-24 14:09:32 DEBUG Util:207 - getFileSeparator() -> [/]
2021-03-24 14:09:32 INFO  Util:272 - Pasta criada [/home/mario/Downloads/tableau/arquivos/csv/carga/full/americanet/localidade]
2021-03-24 14:09:32 DEBUG Util:207 - getFileSeparator() -> [/]
2021-03-24 14:09:32 INFO  Util:272 - Pasta criada [/home/mario/Downloads/tableau/arquivos/csv/carga/full/sky/atendimento]
2021-03-24 14:09:32 DEBUG Util:207 - getFileSeparator() -> [/]
2021-03-24 14:09:32 INFO  Util:272 - Pasta criada [/home/mario/Downloads/tableau/arquivos/csv/carga/full/sky/ligacao]
2021-03-24 14:09:32 DEBUG Util:207 - getFileSeparator() -> [/]
2021-03-24 14:09:32 INFO  Util:272 - Pasta criada [/home/mario/Downloads/tableau/arquivos/csv/carga/full/sky/venda]
2021-03-24 14:09:32 DEBUG Util:207 - getFileSeparator() -> [/]
2021-03-24 14:09:32 INFO  Util:272 - Pasta criada [/home/mario/Downloads/tableau/arquivos/csv/carga/full/sky/pedido]
2021-03-24 14:09:32 DEBUG Util:207 - getFileSeparator() -> [/]
2021-03-24 14:09:32 INFO  Util:272 - Pasta criada [/home/mario/Downloads/tableau/arquivos/csv/carga/full/sky/campanha]
2021-03-24 14:09:32 DEBUG Util:207 - getFileSeparator() -> [/]
2021-03-24 14:09:32 INFO  Util:272 - Pasta criada [/home/mario/Downloads/tableau/arquivos/csv/carga/full/sky/localidade]
2021-03-24 14:09:32 DEBUG Util:207 - getFileSeparator() -> [/]
2021-03-24 14:09:32 INFO  Util:272 - Pasta criada [/home/mario/Downloads/tableau/arquivos/csv/carga/full/totalben/atendimento]
2021-03-24 14:09:32 DEBUG Util:207 - getFileSeparator() -> [/]
2021-03-24 14:09:32 INFO  Util:272 - Pasta criada [/home/mario/Downloads/tableau/arquivos/csv/carga/full/totalben/ligacao]
2021-03-24 14:09:32 DEBUG Util:207 - getFileSeparator() -> [/]
2021-03-24 14:09:32 INFO  Util:272 - Pasta criada [/home/mario/Downloads/tableau/arquivos/csv/carga/full/totalben/venda]
2021-03-24 14:09:32 DEBUG Util:207 - getFileSeparator() -> [/]
2021-03-24 14:09:32 INFO  Util:272 - Pasta criada [/home/mario/Downloads/tableau/arquivos/csv/carga/full/totalben/pedido]
2021-03-24 14:09:32 DEBUG Util:207 - getFileSeparator() -> [/]
2021-03-24 14:09:32 INFO  Util:272 - Pasta criada [/home/mario/Downloads/tableau/arquivos/csv/carga/full/totalben/campanha]
2021-03-24 14:09:32 DEBUG Util:207 - getFileSeparator() -> [/]
2021-03-24 14:09:32 INFO  Util:272 - Pasta criada [/home/mario/Downloads/tableau/arquivos/csv/carga/full/totalben/localidade]
2021-03-24 14:09:32 DEBUG Util:207 - getFileSeparator() -> [/]
2021-03-24 14:09:32 INFO  Util:272 - Pasta criada [/home/mario/Downloads/tableau/arquivos/csv/carga/full/ituran/atendimento]
2021-03-24 14:09:32 DEBUG Util:207 - getFileSeparator() -> [/]
2021-03-24 14:09:32 INFO  Util:272 - Pasta criada [/home/mario/Downloads/tableau/arquivos/csv/carga/full/ituran/ligacao]
2021-03-24 14:09:32 DEBUG Util:207 - getFileSeparator() -> [/]
2021-03-24 14:09:32 INFO  Util:272 - Pasta criada [/home/mario/Downloads/tableau/arquivos/csv/carga/full/ituran/venda]
2021-03-24 14:09:32 DEBUG Util:207 - getFileSeparator() -> [/]
2021-03-24 14:09:32 INFO  Util:272 - Pasta criada [/home/mario/Downloads/tableau/arquivos/csv/carga/full/ituran/pedido]
2021-03-24 14:09:32 DEBUG Util:207 - getFileSeparator() -> [/]
2021-03-24 14:09:32 INFO  Util:272 - Pasta criada [/home/mario/Downloads/tableau/arquivos/csv/carga/full/ituran/campanha]
2021-03-24 14:09:32 DEBUG Util:207 - getFileSeparator() -> [/]
2021-03-24 14:09:32 INFO  Util:272 - Pasta criada [/home/mario/Downloads/tableau/arquivos/csv/carga/full/ituran/localidade]
2021-03-24 14:09:32 DEBUG Util:207 - getFileSeparator() -> [/]
2021-03-24 14:09:32 INFO  Util:272 - Pasta criada [/home/mario/Downloads/tableau/arquivos/csv/carga/full/athena/atendimento]
2021-03-24 14:09:32 DEBUG Util:207 - getFileSeparator() -> [/]
2021-03-24 14:09:32 INFO  Util:272 - Pasta criada [/home/mario/Downloads/tableau/arquivos/csv/carga/full/athena/ligacao]
2021-03-24 14:09:32 DEBUG Util:207 - getFileSeparator() -> [/]
2021-03-24 14:09:32 INFO  Util:272 - Pasta criada [/home/mario/Downloads/tableau/arquivos/csv/carga/full/athena/venda]
2021-03-24 14:09:32 DEBUG Util:207 - getFileSeparator() -> [/]
2021-03-24 14:09:32 INFO  Util:272 - Pasta criada [/home/mario/Downloads/tableau/arquivos/csv/carga/full/athena/pedido]
2021-03-24 14:09:32 DEBUG Util:207 - getFileSeparator() -> [/]
2021-03-24 14:09:32 INFO  Util:272 - Pasta criada [/home/mario/Downloads/tableau/arquivos/csv/carga/full/athena/campanha]
2021-03-24 14:09:32 DEBUG Util:207 - getFileSeparator() -> [/]
2021-03-24 14:09:32 INFO  Util:272 - Pasta criada [/home/mario/Downloads/tableau/arquivos/csv/carga/full/athena/localidade]
2021-03-24 14:09:32 DEBUG Util:207 - getFileSeparator() -> [/]
2021-03-24 14:09:32 INFO  Util:272 - Pasta criada [/home/mario/Downloads/tableau/arquivos/csv/carga/full/hive/atendimento]
2021-03-24 14:09:32 DEBUG Util:207 - getFileSeparator() -> [/]
2021-03-24 14:09:32 INFO  Util:272 - Pasta criada [/home/mario/Downloads/tableau/arquivos/csv/carga/full/hive/ligacao]
2021-03-24 14:09:32 DEBUG Util:207 - getFileSeparator() -> [/]
2021-03-24 14:09:32 INFO  Util:272 - Pasta criada [/home/mario/Downloads/tableau/arquivos/csv/carga/full/hive/venda]
2021-03-24 14:09:32 DEBUG Util:207 - getFileSeparator() -> [/]
2021-03-24 14:09:32 INFO  Util:272 - Pasta criada [/home/mario/Downloads/tableau/arquivos/csv/carga/full/hive/pedido]
2021-03-24 14:09:32 DEBUG Util:207 - getFileSeparator() -> [/]
2021-03-24 14:09:32 INFO  Util:272 - Pasta criada [/home/mario/Downloads/tableau/arquivos/csv/carga/full/hive/campanha]
2021-03-24 14:09:32 DEBUG Util:207 - getFileSeparator() -> [/]
2021-03-24 14:09:32 INFO  Util:272 - Pasta criada [/home/mario/Downloads/tableau/arquivos/csv/carga/full/hive/localidade]
2021-03-24 14:09:32 DEBUG Util:207 - getFileSeparator() -> [/]
2021-03-24 14:09:32 INFO  Util:272 - Pasta criada [/home/mario/Downloads/tableau/arquivos/csv/carga/full/salesforce/atendimento]
2021-03-24 14:09:32 DEBUG Util:207 - getFileSeparator() -> [/]
2021-03-24 14:09:32 INFO  Util:272 - Pasta criada [/home/mario/Downloads/tableau/arquivos/csv/carga/full/salesforce/ligacao]
2021-03-24 14:09:32 DEBUG Util:207 - getFileSeparator() -> [/]
2021-03-24 14:09:32 INFO  Util:272 - Pasta criada [/home/mario/Downloads/tableau/arquivos/csv/carga/full/salesforce/venda]
2021-03-24 14:09:32 DEBUG Util:207 - getFileSeparator() -> [/]
2021-03-24 14:09:32 INFO  Util:272 - Pasta criada [/home/mario/Downloads/tableau/arquivos/csv/carga/full/salesforce/pedido]
2021-03-24 14:09:32 DEBUG Util:207 - getFileSeparator() -> [/]
2021-03-24 14:09:32 INFO  Util:272 - Pasta criada [/home/mario/Downloads/tableau/arquivos/csv/carga/full/salesforce/campanha]
2021-03-24 14:09:32 DEBUG Util:207 - getFileSeparator() -> [/]
2021-03-24 14:09:32 INFO  Util:272 - Pasta criada [/home/mario/Downloads/tableau/arquivos/csv/carga/full/salesforce/localidade]
2021-03-24 14:09:32 DEBUG Util:207 - getFileSeparator() -> [/]
2021-03-24 14:09:32 INFO  Util:272 - Pasta criada [/home/mario/Downloads/tableau/arquivos/csv/carga/incremental/shinobi/atendimento]
2021-03-24 14:09:32 DEBUG Util:207 - getFileSeparator() -> [/]
2021-03-24 14:09:32 INFO  Util:272 - Pasta criada [/home/mario/Downloads/tableau/arquivos/csv/carga/incremental/shinobi/ligacao]
2021-03-24 14:09:32 DEBUG Util:207 - getFileSeparator() -> [/]
2021-03-24 14:09:32 INFO  Util:272 - Pasta criada [/home/mario/Downloads/tableau/arquivos/csv/carga/incremental/shinobi/venda]
2021-03-24 14:09:32 DEBUG Util:207 - getFileSeparator() -> [/]
2021-03-24 14:09:32 INFO  Util:272 - Pasta criada [/home/mario/Downloads/tableau/arquivos/csv/carga/incremental/shinobi/pedido]
2021-03-24 14:09:32 DEBUG Util:207 - getFileSeparator() -> [/]
2021-03-24 14:09:32 INFO  Util:272 - Pasta criada [/home/mario/Downloads/tableau/arquivos/csv/carga/incremental/shinobi/campanha]
2021-03-24 14:09:32 DEBUG Util:207 - getFileSeparator() -> [/]
2021-03-24 14:09:32 INFO  Util:272 - Pasta criada [/home/mario/Downloads/tableau/arquivos/csv/carga/incremental/shinobi/localidade]
2021-03-24 14:09:32 DEBUG Util:207 - getFileSeparator() -> [/]
2021-03-24 14:09:32 INFO  Util:272 - Pasta criada [/home/mario/Downloads/tableau/arquivos/csv/carga/incremental/facebook/atendimento]
2021-03-24 14:09:32 DEBUG Util:207 - getFileSeparator() -> [/]
2021-03-24 14:09:32 INFO  Util:272 - Pasta criada [/home/mario/Downloads/tableau/arquivos/csv/carga/incremental/facebook/ligacao]
2021-03-24 14:09:32 DEBUG Util:207 - getFileSeparator() -> [/]
2021-03-24 14:09:32 INFO  Util:272 - Pasta criada [/home/mario/Downloads/tableau/arquivos/csv/carga/incremental/facebook/venda]
2021-03-24 14:09:32 DEBUG Util:207 - getFileSeparator() -> [/]
2021-03-24 14:09:32 INFO  Util:272 - Pasta criada [/home/mario/Downloads/tableau/arquivos/csv/carga/incremental/facebook/pedido]
2021-03-24 14:09:32 DEBUG Util:207 - getFileSeparator() -> [/]
2021-03-24 14:09:32 INFO  Util:272 - Pasta criada [/home/mario/Downloads/tableau/arquivos/csv/carga/incremental/facebook/campanha]
2021-03-24 14:09:32 DEBUG Util:207 - getFileSeparator() -> [/]
2021-03-24 14:09:32 INFO  Util:272 - Pasta criada [/home/mario/Downloads/tableau/arquivos/csv/carga/incremental/facebook/localidade]
2021-03-24 14:09:32 DEBUG Util:207 - getFileSeparator() -> [/]
2021-03-24 14:09:32 INFO  Util:272 - Pasta criada [/home/mario/Downloads/tableau/arquivos/csv/carga/incremental/macro/atendimento]
2021-03-24 14:09:32 DEBUG Util:207 - getFileSeparator() -> [/]
2021-03-24 14:09:32 INFO  Util:272 - Pasta criada [/home/mario/Downloads/tableau/arquivos/csv/carga/incremental/macro/ligacao]
2021-03-24 14:09:32 DEBUG Util:207 - getFileSeparator() -> [/]
2021-03-24 14:09:32 INFO  Util:272 - Pasta criada [/home/mario/Downloads/tableau/arquivos/csv/carga/incremental/macro/venda]
2021-03-24 14:09:32 DEBUG Util:207 - getFileSeparator() -> [/]
2021-03-24 14:09:32 INFO  Util:272 - Pasta criada [/home/mario/Downloads/tableau/arquivos/csv/carga/incremental/macro/pedido]
2021-03-24 14:09:32 DEBUG Util:207 - getFileSeparator() -> [/]
2021-03-24 14:09:32 INFO  Util:272 - Pasta criada [/home/mario/Downloads/tableau/arquivos/csv/carga/incremental/macro/campanha]
2021-03-24 14:09:32 DEBUG Util:207 - getFileSeparator() -> [/]
2021-03-24 14:09:32 INFO  Util:272 - Pasta criada [/home/mario/Downloads/tableau/arquivos/csv/carga/incremental/macro/localidade]
2021-03-24 14:09:32 DEBUG Util:207 - getFileSeparator() -> [/]
2021-03-24 14:09:32 INFO  Util:272 - Pasta criada [/home/mario/Downloads/tableau/arquivos/csv/carga/incremental/googleads/atendimento]
2021-03-24 14:09:32 DEBUG Util:207 - getFileSeparator() -> [/]
2021-03-24 14:09:32 INFO  Util:272 - Pasta criada [/home/mario/Downloads/tableau/arquivos/csv/carga/incremental/googleads/ligacao]
2021-03-24 14:09:32 DEBUG Util:207 - getFileSeparator() -> [/]
2021-03-24 14:09:32 INFO  Util:272 - Pasta criada [/home/mario/Downloads/tableau/arquivos/csv/carga/incremental/googleads/venda]
2021-03-24 14:09:32 DEBUG Util:207 - getFileSeparator() -> [/]
2021-03-24 14:09:32 INFO  Util:272 - Pasta criada [/home/mario/Downloads/tableau/arquivos/csv/carga/incremental/googleads/pedido]
2021-03-24 14:09:32 DEBUG Util:207 - getFileSeparator() -> [/]
2021-03-24 14:09:32 INFO  Util:272 - Pasta criada [/home/mario/Downloads/tableau/arquivos/csv/carga/incremental/googleads/campanha]
2021-03-24 14:09:32 DEBUG Util:207 - getFileSeparator() -> [/]
2021-03-24 14:09:32 INFO  Util:272 - Pasta criada [/home/mario/Downloads/tableau/arquivos/csv/carga/incremental/googleads/localidade]
2021-03-24 14:09:32 DEBUG Util:207 - getFileSeparator() -> [/]
2021-03-24 14:09:32 INFO  Util:272 - Pasta criada [/home/mario/Downloads/tableau/arquivos/csv/carga/incremental/algar/atendimento]
2021-03-24 14:09:32 DEBUG Util:207 - getFileSeparator() -> [/]
2021-03-24 14:09:32 INFO  Util:272 - Pasta criada [/home/mario/Downloads/tableau/arquivos/csv/carga/incremental/algar/ligacao]
2021-03-24 14:09:32 DEBUG Util:207 - getFileSeparator() -> [/]
2021-03-24 14:09:32 INFO  Util:272 - Pasta criada [/home/mario/Downloads/tableau/arquivos/csv/carga/incremental/algar/venda]
2021-03-24 14:09:32 DEBUG Util:207 - getFileSeparator() -> [/]
2021-03-24 14:09:32 INFO  Util:272 - Pasta criada [/home/mario/Downloads/tableau/arquivos/csv/carga/incremental/algar/pedido]
2021-03-24 14:09:32 DEBUG Util:207 - getFileSeparator() -> [/]
2021-03-24 14:09:32 INFO  Util:272 - Pasta criada [/home/mario/Downloads/tableau/arquivos/csv/carga/incremental/algar/campanha]
2021-03-24 14:09:32 DEBUG Util:207 - getFileSeparator() -> [/]
2021-03-24 14:09:32 INFO  Util:272 - Pasta criada [/home/mario/Downloads/tableau/arquivos/csv/carga/incremental/algar/localidade]
2021-03-24 14:09:32 DEBUG Util:207 - getFileSeparator() -> [/]
2021-03-24 14:09:32 INFO  Util:272 - Pasta criada [/home/mario/Downloads/tableau/arquivos/csv/carga/incremental/americanet/atendimento]
2021-03-24 14:09:32 DEBUG Util:207 - getFileSeparator() -> [/]
2021-03-24 14:09:32 INFO  Util:272 - Pasta criada [/home/mario/Downloads/tableau/arquivos/csv/carga/incremental/americanet/ligacao]
2021-03-24 14:09:32 DEBUG Util:207 - getFileSeparator() -> [/]
2021-03-24 14:09:32 INFO  Util:272 - Pasta criada [/home/mario/Downloads/tableau/arquivos/csv/carga/incremental/americanet/venda]
2021-03-24 14:09:32 DEBUG Util:207 - getFileSeparator() -> [/]
2021-03-24 14:09:32 INFO  Util:272 - Pasta criada [/home/mario/Downloads/tableau/arquivos/csv/carga/incremental/americanet/pedido]
2021-03-24 14:09:32 DEBUG Util:207 - getFileSeparator() -> [/]
2021-03-24 14:09:32 INFO  Util:272 - Pasta criada [/home/mario/Downloads/tableau/arquivos/csv/carga/incremental/americanet/campanha]
2021-03-24 14:09:32 DEBUG Util:207 - getFileSeparator() -> [/]
2021-03-24 14:09:32 INFO  Util:272 - Pasta criada [/home/mario/Downloads/tableau/arquivos/csv/carga/incremental/americanet/localidade]
2021-03-24 14:09:32 DEBUG Util:207 - getFileSeparator() -> [/]
2021-03-24 14:09:32 INFO  Util:272 - Pasta criada [/home/mario/Downloads/tableau/arquivos/csv/carga/incremental/sky/atendimento]
2021-03-24 14:09:32 DEBUG Util:207 - getFileSeparator() -> [/]
2021-03-24 14:09:32 INFO  Util:272 - Pasta criada [/home/mario/Downloads/tableau/arquivos/csv/carga/incremental/sky/ligacao]
2021-03-24 14:09:32 DEBUG Util:207 - getFileSeparator() -> [/]
2021-03-24 14:09:32 INFO  Util:272 - Pasta criada [/home/mario/Downloads/tableau/arquivos/csv/carga/incremental/sky/venda]
2021-03-24 14:09:32 DEBUG Util:207 - getFileSeparator() -> [/]
2021-03-24 14:09:32 INFO  Util:272 - Pasta criada [/home/mario/Downloads/tableau/arquivos/csv/carga/incremental/sky/pedido]
2021-03-24 14:09:32 DEBUG Util:207 - getFileSeparator() -> [/]
2021-03-24 14:09:32 INFO  Util:272 - Pasta criada [/home/mario/Downloads/tableau/arquivos/csv/carga/incremental/sky/campanha]
2021-03-24 14:09:32 DEBUG Util:207 - getFileSeparator() -> [/]
2021-03-24 14:09:32 INFO  Util:272 - Pasta criada [/home/mario/Downloads/tableau/arquivos/csv/carga/incremental/sky/localidade]
2021-03-24 14:09:32 DEBUG Util:207 - getFileSeparator() -> [/]
2021-03-24 14:09:32 INFO  Util:272 - Pasta criada [/home/mario/Downloads/tableau/arquivos/csv/carga/incremental/totalben/atendimento]
2021-03-24 14:09:32 DEBUG Util:207 - getFileSeparator() -> [/]
2021-03-24 14:09:32 INFO  Util:272 - Pasta criada [/home/mario/Downloads/tableau/arquivos/csv/carga/incremental/totalben/ligacao]
2021-03-24 14:09:32 DEBUG Util:207 - getFileSeparator() -> [/]
2021-03-24 14:09:32 INFO  Util:272 - Pasta criada [/home/mario/Downloads/tableau/arquivos/csv/carga/incremental/totalben/venda]
2021-03-24 14:09:32 DEBUG Util:207 - getFileSeparator() -> [/]
2021-03-24 14:09:32 INFO  Util:272 - Pasta criada [/home/mario/Downloads/tableau/arquivos/csv/carga/incremental/totalben/pedido]
2021-03-24 14:09:32 DEBUG Util:207 - getFileSeparator() -> [/]
2021-03-24 14:09:32 INFO  Util:272 - Pasta criada [/home/mario/Downloads/tableau/arquivos/csv/carga/incremental/totalben/campanha]
2021-03-24 14:09:32 DEBUG Util:207 - getFileSeparator() -> [/]
2021-03-24 14:09:32 INFO  Util:272 - Pasta criada [/home/mario/Downloads/tableau/arquivos/csv/carga/incremental/totalben/localidade]
2021-03-24 14:09:32 DEBUG Util:207 - getFileSeparator() -> [/]
2021-03-24 14:09:32 INFO  Util:272 - Pasta criada [/home/mario/Downloads/tableau/arquivos/csv/carga/incremental/ituran/atendimento]
2021-03-24 14:09:32 DEBUG Util:207 - getFileSeparator() -> [/]
2021-03-24 14:09:32 INFO  Util:272 - Pasta criada [/home/mario/Downloads/tableau/arquivos/csv/carga/incremental/ituran/ligacao]
2021-03-24 14:09:32 DEBUG Util:207 - getFileSeparator() -> [/]
2021-03-24 14:09:32 INFO  Util:272 - Pasta criada [/home/mario/Downloads/tableau/arquivos/csv/carga/incremental/ituran/venda]
2021-03-24 14:09:32 DEBUG Util:207 - getFileSeparator() -> [/]
2021-03-24 14:09:32 INFO  Util:272 - Pasta criada [/home/mario/Downloads/tableau/arquivos/csv/carga/incremental/ituran/pedido]
2021-03-24 14:09:32 DEBUG Util:207 - getFileSeparator() -> [/]
2021-03-24 14:09:32 INFO  Util:272 - Pasta criada [/home/mario/Downloads/tableau/arquivos/csv/carga/incremental/ituran/campanha]
2021-03-24 14:09:32 DEBUG Util:207 - getFileSeparator() -> [/]
2021-03-24 14:09:32 INFO  Util:272 - Pasta criada [/home/mario/Downloads/tableau/arquivos/csv/carga/incremental/ituran/localidade]
2021-03-24 14:09:32 DEBUG Util:207 - getFileSeparator() -> [/]
2021-03-24 14:09:32 INFO  Util:272 - Pasta criada [/home/mario/Downloads/tableau/arquivos/csv/carga/incremental/athena/atendimento]
2021-03-24 14:09:32 DEBUG Util:207 - getFileSeparator() -> [/]
2021-03-24 14:09:32 INFO  Util:272 - Pasta criada [/home/mario/Downloads/tableau/arquivos/csv/carga/incremental/athena/ligacao]
2021-03-24 14:09:32 DEBUG Util:207 - getFileSeparator() -> [/]
2021-03-24 14:09:32 INFO  Util:272 - Pasta criada [/home/mario/Downloads/tableau/arquivos/csv/carga/incremental/athena/venda]
2021-03-24 14:09:32 DEBUG Util:207 - getFileSeparator() -> [/]
2021-03-24 14:09:32 INFO  Util:272 - Pasta criada [/home/mario/Downloads/tableau/arquivos/csv/carga/incremental/athena/pedido]
2021-03-24 14:09:32 DEBUG Util:207 - getFileSeparator() -> [/]
2021-03-24 14:09:32 INFO  Util:272 - Pasta criada [/home/mario/Downloads/tableau/arquivos/csv/carga/incremental/athena/campanha]
2021-03-24 14:09:32 DEBUG Util:207 - getFileSeparator() -> [/]
2021-03-24 14:09:32 INFO  Util:272 - Pasta criada [/home/mario/Downloads/tableau/arquivos/csv/carga/incremental/athena/localidade]
2021-03-24 14:09:32 DEBUG Util:207 - getFileSeparator() -> [/]
2021-03-24 14:09:32 INFO  Util:272 - Pasta criada [/home/mario/Downloads/tableau/arquivos/csv/carga/incremental/hive/atendimento]
2021-03-24 14:09:32 DEBUG Util:207 - getFileSeparator() -> [/]
2021-03-24 14:09:32 INFO  Util:272 - Pasta criada [/home/mario/Downloads/tableau/arquivos/csv/carga/incremental/hive/ligacao]
2021-03-24 14:09:32 DEBUG Util:207 - getFileSeparator() -> [/]
2021-03-24 14:09:32 INFO  Util:272 - Pasta criada [/home/mario/Downloads/tableau/arquivos/csv/carga/incremental/hive/venda]
2021-03-24 14:09:32 DEBUG Util:207 - getFileSeparator() -> [/]
2021-03-24 14:09:32 INFO  Util:272 - Pasta criada [/home/mario/Downloads/tableau/arquivos/csv/carga/incremental/hive/pedido]
2021-03-24 14:09:32 DEBUG Util:207 - getFileSeparator() -> [/]
2021-03-24 14:09:32 INFO  Util:272 - Pasta criada [/home/mario/Downloads/tableau/arquivos/csv/carga/incremental/hive/campanha]
2021-03-24 14:09:32 DEBUG Util:207 - getFileSeparator() -> [/]
2021-03-24 14:09:32 INFO  Util:272 - Pasta criada [/home/mario/Downloads/tableau/arquivos/csv/carga/incremental/hive/localidade]
2021-03-24 14:09:32 DEBUG Util:207 - getFileSeparator() -> [/]
2021-03-24 14:09:32 INFO  Util:272 - Pasta criada [/home/mario/Downloads/tableau/arquivos/csv/carga/incremental/salesforce/atendimento]
2021-03-24 14:09:32 DEBUG Util:207 - getFileSeparator() -> [/]
2021-03-24 14:09:32 INFO  Util:272 - Pasta criada [/home/mario/Downloads/tableau/arquivos/csv/carga/incremental/salesforce/ligacao]
2021-03-24 14:09:32 DEBUG Util:207 - getFileSeparator() -> [/]
2021-03-24 14:09:32 INFO  Util:272 - Pasta criada [/home/mario/Downloads/tableau/arquivos/csv/carga/incremental/salesforce/venda]
2021-03-24 14:09:32 DEBUG Util:207 - getFileSeparator() -> [/]
2021-03-24 14:09:32 INFO  Util:272 - Pasta criada [/home/mario/Downloads/tableau/arquivos/csv/carga/incremental/salesforce/pedido]
2021-03-24 14:09:32 DEBUG Util:207 - getFileSeparator() -> [/]
2021-03-24 14:09:32 INFO  Util:272 - Pasta criada [/home/mario/Downloads/tableau/arquivos/csv/carga/incremental/salesforce/campanha]
2021-03-24 14:09:32 DEBUG Util:207 - getFileSeparator() -> [/]
2021-03-24 14:09:32 INFO  Util:272 - Pasta criada [/home/mario/Downloads/tableau/arquivos/csv/carga/incremental/salesforce/localidade]
2021-03-24 14:09:32 INFO  App:39 - Pastas criadas com sucesso
2021-08-12 12:26:34 INFO  App:34 - Performing MENU_INIT_APP - Criando pastas da aplicacao
2021-08-12 12:26:34 DEBUG Util:207 - getFileSeparator() -> [/]
2021-08-12 12:26:34 INFO  Util:280 - Pasta criada [/home/mario/Downloads/tableau/arquivos//csv/carga/full]
2021-08-12 12:26:34 INFO  Util:280 - Pasta criada [/home/mario/Downloads/tableau/arquivos//csv/processados/full]
2021-08-12 12:26:34 INFO  Util:280 - Pasta criada [/home/mario/Downloads/tableau/arquivos//csv/carga/incremental]
2021-08-12 12:26:34 INFO  Util:280 - Pasta criada [/home/mario/Downloads/tableau/arquivos//csv/processados/incremental]
2021-08-12 12:26:34 INFO  App:39 - Pastas criadas com sucesso
2021-08-12 12:29:34 INFO  App:34 - Performing MENU_INIT_APP - Criando pastas da aplicacao
2021-08-12 12:29:34 DEBUG Util:207 - getFileSeparator() -> [/]
2021-08-12 12:29:34 INFO  Util:280 - Pasta criada [/home/mario/Downloads/tableau/arquivos//csv/carga/full]
2021-08-12 12:29:34 INFO  Util:280 - Pasta criada [/home/mario/Downloads/tableau/arquivos//csv/processados/full]
2021-08-12 12:29:34 INFO  Util:280 - Pasta criada [/home/mario/Downloads/tableau/arquivos//csv/carga/incremental]
2021-08-12 12:29:34 INFO  Util:280 - Pasta criada [/home/mario/Downloads/tableau/arquivos//csv/processados/incremental]
2021-08-12 12:29:34 INFO  App:39 - Pastas criadas com sucesso
2021-08-12 12:57:03 INFO  App:60 - Performing MENU_CSV_TO_ANYTABLES - Carregando CSV para tabelas ESTRUTURADAS
2021-08-12 12:57:03 INFO  Util:280 - Pasta criada [/home/mario/Documents//arquivos_full]
2021-08-12 12:57:03 INFO  Util:280 - Pasta criada [/home/mario/Documents//arquivos_full_velhos]
2021-08-12 12:57:03 INFO  Util:280 - Pasta criada [/home/mario/Documents//arquivos_inc]
2021-08-12 12:57:03 INFO  Util:280 - Pasta criada [/home/mario/Documents//arquivos_inc_old]
2021-08-12 12:57:03 INFO  App:64 - Pastas criadas com sucesso
2021-08-12 12:57:03 INFO  Loader:29 -  datalakeProbeFolderSubnivel.........= [false]
2021-08-12 12:57:03 INFO  Loader:30 -  datalakeFolderHome..................= [/home/mario/Documents]
2021-08-12 12:57:03 INFO  Loader:31 -  datalakeFolderCsvLoadFullNew........= [/home/mario/Documents/arquivos_full]
2021-08-12 12:57:03 INFO  Loader:32 -  datalakeFolderCsvLoadFullOld........= [/home/mario/Documents/arquivos_full_velhos]
2021-08-12 12:57:03 INFO  Loader:33 -  user.home...........................= [/home/mario]
2021-08-12 12:57:03 INFO  Loader:34 -  user.dir............................= [/home/mario/app/workspace/eclipse/csv2anytable]
2021-08-12 12:57:03 INFO  Loader:35 -  user.name...........................= [mario]
2021-08-12 12:57:03 INFO  Loader:46 - Aplicacao configurada (application.properties/datalake.probe.folder.subnivel) para ler CSV de uma unica pasta
2021-08-12 12:57:03 INFO  Csv2AnyTableFullLoad:66 - START WANDER STRAIGHT FOLDER - lfFiles=[[Ljava.io.File;@631330c]
2021-08-12 12:57:03 INFO  Csv2AnyTableFullLoad:89 - STOPPED WANDER STRAIGHT FOLDER
2021-08-12 12:57:13 INFO  Loader:62 - O Monitoramento foi interrompido normalmente
2021-08-12 12:57:13 INFO  DBConnector:44 - driverName=[null]
2021-08-12 12:57:13 INFO  DBConnector:47 - url=[jdbc:postgresql://ec2-44-194-145-230.compute-1.amazonaws.com:5432/d6uvpssd3i6vn9?sslmode=require]
2021-08-12 12:57:13 INFO  DBConnector:50 - username=[fnrrovtwkqwkot]
2021-08-12 12:57:13 INFO  DBConnector:53 - password=[*****]
